<?xml version="1.0" encoding="UTF-8"?>
<!-- Generated by org.testng.reporters.JUnitXMLReporter -->
<testsuite hostname="DESKTOP-2K1438F" failures="0" tests="34" name="Surefire test" time="0.146" errors="0" timestamp="31 Mar 2021 20:53:05 GMT">
  <testcase classname="se.nackademin.examination.examination_jacoco.DataAnalysisTest" name="test1 on test1(se.nackademin.examination.examination_jacoco.DataAnalysisTest)" time="0.009"/>
  <testcase classname="se.nackademin.examination.examination_jacoco.DataAnalysisTest" name="test2 on test2(se.nackademin.examination.examination_jacoco.DataAnalysisTest)" time="0.0"/>
  <testcase classname="se.nackademin.examination.examination_jacoco.DataAnalysisTest" name="test3 on test3(se.nackademin.examination.examination_jacoco.DataAnalysisTest)" time="0.0"/>
  <testcase classname="se.nackademin.examination.examination_jacoco.DataAnalysisTest" name="test4 on test4(se.nackademin.examination.examination_jacoco.DataAnalysisTest)" time="0.001"/>
  <testcase classname="se.nackademin.examination.examination_jacoco.DataAnalysisTest" name="test5 on test5(se.nackademin.examination.examination_jacoco.DataAnalysisTest)" time="0.0"/>
  <testcase classname="se.nackademin.examination.examination_jacoco.ConversorTest" name="testConversorCity on testConversorCity(se.nackademin.examination.examination_jacoco.ConversorTest)" time="0.0"/>
  <testcase classname="se.nackademin.examination.examination_jacoco.ConversorTest" name="testConversorName on testConversorName(se.nackademin.examination.examination_jacoco.ConversorTest)" time="0.0"/>
  <testcase classname="se.nackademin.examination.examination_jacoco.ConversorTest" name="testConversorGender on testConversorGender(se.nackademin.examination.examination_jacoco.ConversorTest)" time="0.001"/>
  <testcase classname="se.nackademin.examination.examination_jacoco.ConversorTest" name="testConversorAge on testConversorAge(se.nackademin.examination.examination_jacoco.ConversorTest)" time="0.0"/>
  <testcase classname="se.nackademin.examination.examination_jacoco.ResultsFromInputsTest" name="testGenderGettersAndSettersMethods on testGenderGettersAndSettersMethods(se.nackademin.examination.examination_jacoco.ResultsFromInputsTest)" time="0.0"/>
  <testcase classname="se.nackademin.examination.examination_jacoco.ResultsFromInputsTest" name="testHomeCityGettersAndSettersMethods on testHomeCityGettersAndSettersMethods(se.nackademin.examination.examination_jacoco.ResultsFromInputsTest)" time="0.0"/>
  <testcase classname="se.nackademin.examination.examination_jacoco.ResultsFromInputsTest" name="testAgeGettersAndSettersMethods on testAgeGettersAndSettersMethods(se.nackademin.examination.examination_jacoco.ResultsFromInputsTest)" time="0.0"/>
  <testcase classname="se.nackademin.examination.examination_jacoco.ResultsFromInputsTest" name="testNameLenghtGettersAndSettersMethods on testNameLenghtGettersAndSettersMethods(se.nackademin.examination.examination_jacoco.ResultsFromInputsTest)" time="0.0"/>
  <testcase classname="se.nackademin.examination.examination_jacoco.MainTest" name="testMainMethod on testMainMethod(se.nackademin.examination.examination_jacoco.MainTest)" time="0.001"/>
  <testcase classname="se.nackademin.examination.examination_jacoco.GameTest" name="testRun on testRun(se.nackademin.examination.examination_jacoco.GameTest)" time="0.001"/>
  <testcase classname="se.nackademin.examination.examination_jacoco.GameTest" name="testCalculateOutPutBasedOnGender1 on testCalculateOutPutBasedOnGender1(se.nackademin.examination.examination_jacoco.GameTest)" time="0.0"/>
  <testcase classname="se.nackademin.examination.examination_jacoco.GameTest" name="testCalculateOutPutBasedOnGender2 on testCalculateOutPutBasedOnGender2(se.nackademin.examination.examination_jacoco.GameTest)" time="0.0"/>
  <testcase classname="se.nackademin.examination.examination_jacoco.GameTest" name="testCalculateOutPutBasedOnGender3 on testCalculateOutPutBasedOnGender3(se.nackademin.examination.examination_jacoco.GameTest)" time="0.0"/>
  <testcase classname="se.nackademin.examination.examination_jacoco.GameTest" name="testCalculateOutPutBasedOnNames1 on testCalculateOutPutBasedOnNames1(se.nackademin.examination.examination_jacoco.GameTest)" time="0.0"/>
  <testcase classname="se.nackademin.examination.examination_jacoco.GameTest" name="testCalculateOutPutBasedOnNames2 on testCalculateOutPutBasedOnNames2(se.nackademin.examination.examination_jacoco.GameTest)" time="0.0"/>
  <testcase classname="se.nackademin.examination.examination_jacoco.GameTest" name="testCalculateOutPutBasedOnNames3 on testCalculateOutPutBasedOnNames3(se.nackademin.examination.examination_jacoco.GameTest)" time="0.0"/>
  <testcase classname="se.nackademin.examination.examination_jacoco.GameTest" name="testCalculateOutPutBasedOnAge1 on testCalculateOutPutBasedOnAge1(se.nackademin.examination.examination_jacoco.GameTest)" time="0.0"/>
  <testcase classname="se.nackademin.examination.examination_jacoco.GameTest" name="testCalculateOutPutBasedOnAge2 on testCalculateOutPutBasedOnAge2(se.nackademin.examination.examination_jacoco.GameTest)" time="0.0"/>
  <testcase classname="se.nackademin.examination.examination_jacoco.GameTest" name="testCalculateOutPutBasedOnHomeCity10 on testCalculateOutPutBasedOnHomeCity10(se.nackademin.examination.examination_jacoco.GameTest)" time="0.0"/>
  <testcase classname="se.nackademin.examination.examination_jacoco.GameTest" name="testCalculateOutPutBasedOnHomeCity11 on testCalculateOutPutBasedOnHomeCity11(se.nackademin.examination.examination_jacoco.GameTest)" time="0.0"/>
  <testcase classname="se.nackademin.examination.examination_jacoco.GameTest" name="testCalculateOutPutBasedOnHomeCity1 on testCalculateOutPutBasedOnHomeCity1(se.nackademin.examination.examination_jacoco.GameTest)" time="0.001"/>
  <testcase classname="se.nackademin.examination.examination_jacoco.GameTest" name="testCalculateOutPutBasedOnHomeCity2 on testCalculateOutPutBasedOnHomeCity2(se.nackademin.examination.examination_jacoco.GameTest)" time="0.0"/>
  <testcase classname="se.nackademin.examination.examination_jacoco.GameTest" name="testCalculateOutPutBasedOnHomeCity3 on testCalculateOutPutBasedOnHomeCity3(se.nackademin.examination.examination_jacoco.GameTest)" time="0.001"/>
  <testcase classname="se.nackademin.examination.examination_jacoco.GameTest" name="testCalculateOutPutBasedOnHomeCity4 on testCalculateOutPutBasedOnHomeCity4(se.nackademin.examination.examination_jacoco.GameTest)" time="0.0"/>
  <testcase classname="se.nackademin.examination.examination_jacoco.GameTest" name="testCalculateOutPutBasedOnHomeCity5 on testCalculateOutPutBasedOnHomeCity5(se.nackademin.examination.examination_jacoco.GameTest)" time="0.0"/>
  <testcase classname="se.nackademin.examination.examination_jacoco.GameTest" name="testCalculateOutPutBasedOnHomeCity6 on testCalculateOutPutBasedOnHomeCity6(se.nackademin.examination.examination_jacoco.GameTest)" time="0.0"/>
  <testcase classname="se.nackademin.examination.examination_jacoco.GameTest" name="testCalculateOutPutBasedOnHomeCity7 on testCalculateOutPutBasedOnHomeCity7(se.nackademin.examination.examination_jacoco.GameTest)" time="0.0"/>
  <testcase classname="se.nackademin.examination.examination_jacoco.GameTest" name="testCalculateOutPutBasedOnHomeCity8 on testCalculateOutPutBasedOnHomeCity8(se.nackademin.examination.examination_jacoco.GameTest)" time="0.0"/>
  <testcase classname="se.nackademin.examination.examination_jacoco.GameTest" name="testCalculateOutPutBasedOnHomeCity9 on testCalculateOutPutBasedOnHomeCity9(se.nackademin.examination.examination_jacoco.GameTest)" time="0.0"/>
</testsuite> <!-- Surefire test -->
