<?xml version="1.0" encoding="UTF-8"?>
<testng-results total="34" passed="34" failed="0" skipped="0">
  <reporter-output>
  </reporter-output>
  <suite started-at="2021-03-31T20:53:05Z" name="Surefire suite" finished-at="2021-03-31T20:53:05Z" duration-ms="146">
    <groups>
    </groups>
    <test started-at="2021-03-31T20:53:05Z" name="Surefire test" finished-at="2021-03-31T20:53:05Z" duration-ms="146">
      <class name="se.nackademin.examination.examination_jacoco.ConversorTest">
        <test-method signature="testConversorGender()[pri:0, instance:testConversorGender(se.nackademin.examination.examination_jacoco.ConversorTest)]" started-at="2021-03-31T22:53:05Z" name="testConversorGender" finished-at="2021-03-31T22:53:05Z" duration-ms="1" status="PASS">
          <reporter-output>
          </reporter-output>
        </test-method> <!-- testConversorGender -->
        <test-method signature="testConversorCity()[pri:0, instance:testConversorCity(se.nackademin.examination.examination_jacoco.ConversorTest)]" started-at="2021-03-31T22:53:05Z" name="testConversorCity" finished-at="2021-03-31T22:53:05Z" duration-ms="0" status="PASS">
          <reporter-output>
          </reporter-output>
        </test-method> <!-- testConversorCity -->
        <test-method signature="testConversorName()[pri:0, instance:testConversorName(se.nackademin.examination.examination_jacoco.ConversorTest)]" started-at="2021-03-31T22:53:05Z" name="testConversorName" finished-at="2021-03-31T22:53:05Z" duration-ms="0" status="PASS">
          <reporter-output>
          </reporter-output>
        </test-method> <!-- testConversorName -->
        <test-method signature="testConversorAge()[pri:0, instance:testConversorAge(se.nackademin.examination.examination_jacoco.ConversorTest)]" started-at="2021-03-31T22:53:05Z" name="testConversorAge" finished-at="2021-03-31T22:53:05Z" duration-ms="0" status="PASS">
          <reporter-output>
          </reporter-output>
        </test-method> <!-- testConversorAge -->
      </class> <!-- se.nackademin.examination.examination_jacoco.ConversorTest -->
      <class name="se.nackademin.examination.examination_jacoco.GameTest">
        <test-method signature="testRun()[pri:0, instance:testRun(se.nackademin.examination.examination_jacoco.GameTest)]" started-at="2021-03-31T22:53:05Z" name="testRun" finished-at="2021-03-31T22:53:05Z" duration-ms="1" status="PASS">
          <reporter-output>
          </reporter-output>
        </test-method> <!-- testRun -->
        <test-method signature="testCalculateOutPutBasedOnGender1()[pri:0, instance:testCalculateOutPutBasedOnGender1(se.nackademin.examination.examination_jacoco.GameTest)]" started-at="2021-03-31T22:53:05Z" name="testCalculateOutPutBasedOnGender1" finished-at="2021-03-31T22:53:05Z" duration-ms="0" status="PASS">
          <reporter-output>
          </reporter-output>
        </test-method> <!-- testCalculateOutPutBasedOnGender1 -->
        <test-method signature="testCalculateOutPutBasedOnGender2()[pri:0, instance:testCalculateOutPutBasedOnGender2(se.nackademin.examination.examination_jacoco.GameTest)]" started-at="2021-03-31T22:53:05Z" name="testCalculateOutPutBasedOnGender2" finished-at="2021-03-31T22:53:05Z" duration-ms="0" status="PASS">
          <reporter-output>
          </reporter-output>
        </test-method> <!-- testCalculateOutPutBasedOnGender2 -->
        <test-method signature="testCalculateOutPutBasedOnGender3()[pri:0, instance:testCalculateOutPutBasedOnGender3(se.nackademin.examination.examination_jacoco.GameTest)]" started-at="2021-03-31T22:53:05Z" name="testCalculateOutPutBasedOnGender3" finished-at="2021-03-31T22:53:05Z" duration-ms="0" status="PASS">
          <reporter-output>
          </reporter-output>
        </test-method> <!-- testCalculateOutPutBasedOnGender3 -->
        <test-method signature="testCalculateOutPutBasedOnNames1()[pri:0, instance:testCalculateOutPutBasedOnNames1(se.nackademin.examination.examination_jacoco.GameTest)]" started-at="2021-03-31T22:53:05Z" name="testCalculateOutPutBasedOnNames1" finished-at="2021-03-31T22:53:05Z" duration-ms="0" status="PASS">
          <reporter-output>
          </reporter-output>
        </test-method> <!-- testCalculateOutPutBasedOnNames1 -->
        <test-method signature="testCalculateOutPutBasedOnNames2()[pri:0, instance:testCalculateOutPutBasedOnNames2(se.nackademin.examination.examination_jacoco.GameTest)]" started-at="2021-03-31T22:53:05Z" name="testCalculateOutPutBasedOnNames2" finished-at="2021-03-31T22:53:05Z" duration-ms="0" status="PASS">
          <reporter-output>
          </reporter-output>
        </test-method> <!-- testCalculateOutPutBasedOnNames2 -->
        <test-method signature="testCalculateOutPutBasedOnNames3()[pri:0, instance:testCalculateOutPutBasedOnNames3(se.nackademin.examination.examination_jacoco.GameTest)]" started-at="2021-03-31T22:53:05Z" name="testCalculateOutPutBasedOnNames3" finished-at="2021-03-31T22:53:05Z" duration-ms="0" status="PASS">
          <reporter-output>
          </reporter-output>
        </test-method> <!-- testCalculateOutPutBasedOnNames3 -->
        <test-method signature="testCalculateOutPutBasedOnAge1()[pri:0, instance:testCalculateOutPutBasedOnAge1(se.nackademin.examination.examination_jacoco.GameTest)]" started-at="2021-03-31T22:53:05Z" name="testCalculateOutPutBasedOnAge1" finished-at="2021-03-31T22:53:05Z" duration-ms="0" status="PASS">
          <reporter-output>
          </reporter-output>
        </test-method> <!-- testCalculateOutPutBasedOnAge1 -->
        <test-method signature="testCalculateOutPutBasedOnAge2()[pri:0, instance:testCalculateOutPutBasedOnAge2(se.nackademin.examination.examination_jacoco.GameTest)]" started-at="2021-03-31T22:53:05Z" name="testCalculateOutPutBasedOnAge2" finished-at="2021-03-31T22:53:05Z" duration-ms="0" status="PASS">
          <reporter-output>
          </reporter-output>
        </test-method> <!-- testCalculateOutPutBasedOnAge2 -->
        <test-method signature="testCalculateOutPutBasedOnHomeCity11()[pri:0, instance:testCalculateOutPutBasedOnHomeCity11(se.nackademin.examination.examination_jacoco.GameTest)]" started-at="2021-03-31T22:53:05Z" name="testCalculateOutPutBasedOnHomeCity11" finished-at="2021-03-31T22:53:05Z" duration-ms="0" status="PASS">
          <reporter-output>
          </reporter-output>
        </test-method> <!-- testCalculateOutPutBasedOnHomeCity11 -->
        <test-method signature="testCalculateOutPutBasedOnHomeCity10()[pri:0, instance:testCalculateOutPutBasedOnHomeCity10(se.nackademin.examination.examination_jacoco.GameTest)]" started-at="2021-03-31T22:53:05Z" name="testCalculateOutPutBasedOnHomeCity10" finished-at="2021-03-31T22:53:05Z" duration-ms="0" status="PASS">
          <reporter-output>
          </reporter-output>
        </test-method> <!-- testCalculateOutPutBasedOnHomeCity10 -->
        <test-method signature="testCalculateOutPutBasedOnHomeCity1()[pri:0, instance:testCalculateOutPutBasedOnHomeCity1(se.nackademin.examination.examination_jacoco.GameTest)]" started-at="2021-03-31T22:53:05Z" name="testCalculateOutPutBasedOnHomeCity1" finished-at="2021-03-31T22:53:05Z" duration-ms="1" status="PASS">
          <reporter-output>
          </reporter-output>
        </test-method> <!-- testCalculateOutPutBasedOnHomeCity1 -->
        <test-method signature="testCalculateOutPutBasedOnHomeCity2()[pri:0, instance:testCalculateOutPutBasedOnHomeCity2(se.nackademin.examination.examination_jacoco.GameTest)]" started-at="2021-03-31T22:53:05Z" name="testCalculateOutPutBasedOnHomeCity2" finished-at="2021-03-31T22:53:05Z" duration-ms="0" status="PASS">
          <reporter-output>
          </reporter-output>
        </test-method> <!-- testCalculateOutPutBasedOnHomeCity2 -->
        <test-method signature="testCalculateOutPutBasedOnHomeCity3()[pri:0, instance:testCalculateOutPutBasedOnHomeCity3(se.nackademin.examination.examination_jacoco.GameTest)]" started-at="2021-03-31T22:53:05Z" name="testCalculateOutPutBasedOnHomeCity3" finished-at="2021-03-31T22:53:05Z" duration-ms="1" status="PASS">
          <reporter-output>
          </reporter-output>
        </test-method> <!-- testCalculateOutPutBasedOnHomeCity3 -->
        <test-method signature="testCalculateOutPutBasedOnHomeCity4()[pri:0, instance:testCalculateOutPutBasedOnHomeCity4(se.nackademin.examination.examination_jacoco.GameTest)]" started-at="2021-03-31T22:53:05Z" name="testCalculateOutPutBasedOnHomeCity4" finished-at="2021-03-31T22:53:05Z" duration-ms="0" status="PASS">
          <reporter-output>
          </reporter-output>
        </test-method> <!-- testCalculateOutPutBasedOnHomeCity4 -->
        <test-method signature="testCalculateOutPutBasedOnHomeCity5()[pri:0, instance:testCalculateOutPutBasedOnHomeCity5(se.nackademin.examination.examination_jacoco.GameTest)]" started-at="2021-03-31T22:53:05Z" name="testCalculateOutPutBasedOnHomeCity5" finished-at="2021-03-31T22:53:05Z" duration-ms="0" status="PASS">
          <reporter-output>
          </reporter-output>
        </test-method> <!-- testCalculateOutPutBasedOnHomeCity5 -->
        <test-method signature="testCalculateOutPutBasedOnHomeCity6()[pri:0, instance:testCalculateOutPutBasedOnHomeCity6(se.nackademin.examination.examination_jacoco.GameTest)]" started-at="2021-03-31T22:53:05Z" name="testCalculateOutPutBasedOnHomeCity6" finished-at="2021-03-31T22:53:05Z" duration-ms="0" status="PASS">
          <reporter-output>
          </reporter-output>
        </test-method> <!-- testCalculateOutPutBasedOnHomeCity6 -->
        <test-method signature="testCalculateOutPutBasedOnHomeCity8()[pri:0, instance:testCalculateOutPutBasedOnHomeCity8(se.nackademin.examination.examination_jacoco.GameTest)]" started-at="2021-03-31T22:53:05Z" name="testCalculateOutPutBasedOnHomeCity8" finished-at="2021-03-31T22:53:05Z" duration-ms="0" status="PASS">
          <reporter-output>
          </reporter-output>
        </test-method> <!-- testCalculateOutPutBasedOnHomeCity8 -->
        <test-method signature="testCalculateOutPutBasedOnHomeCity7()[pri:0, instance:testCalculateOutPutBasedOnHomeCity7(se.nackademin.examination.examination_jacoco.GameTest)]" started-at="2021-03-31T22:53:05Z" name="testCalculateOutPutBasedOnHomeCity7" finished-at="2021-03-31T22:53:05Z" duration-ms="0" status="PASS">
          <reporter-output>
          </reporter-output>
        </test-method> <!-- testCalculateOutPutBasedOnHomeCity7 -->
        <test-method signature="testCalculateOutPutBasedOnHomeCity9()[pri:0, instance:testCalculateOutPutBasedOnHomeCity9(se.nackademin.examination.examination_jacoco.GameTest)]" started-at="2021-03-31T22:53:05Z" name="testCalculateOutPutBasedOnHomeCity9" finished-at="2021-03-31T22:53:05Z" duration-ms="0" status="PASS">
          <reporter-output>
          </reporter-output>
        </test-method> <!-- testCalculateOutPutBasedOnHomeCity9 -->
      </class> <!-- se.nackademin.examination.examination_jacoco.GameTest -->
      <class name="se.nackademin.examination.examination_jacoco.ResultsFromInputsTest">
        <test-method signature="testGenderGettersAndSettersMethods()[pri:0, instance:testGenderGettersAndSettersMethods(se.nackademin.examination.examination_jacoco.ResultsFromInputsTest)]" started-at="2021-03-31T22:53:05Z" name="testGenderGettersAndSettersMethods" finished-at="2021-03-31T22:53:05Z" duration-ms="0" status="PASS">
          <reporter-output>
          </reporter-output>
        </test-method> <!-- testGenderGettersAndSettersMethods -->
        <test-method signature="testNameLenghtGettersAndSettersMethods()[pri:0, instance:testNameLenghtGettersAndSettersMethods(se.nackademin.examination.examination_jacoco.ResultsFromInputsTest)]" started-at="2021-03-31T22:53:05Z" name="testNameLenghtGettersAndSettersMethods" finished-at="2021-03-31T22:53:05Z" duration-ms="0" status="PASS">
          <reporter-output>
          </reporter-output>
        </test-method> <!-- testNameLenghtGettersAndSettersMethods -->
        <test-method signature="testHomeCityGettersAndSettersMethods()[pri:0, instance:testHomeCityGettersAndSettersMethods(se.nackademin.examination.examination_jacoco.ResultsFromInputsTest)]" started-at="2021-03-31T22:53:05Z" name="testHomeCityGettersAndSettersMethods" finished-at="2021-03-31T22:53:05Z" duration-ms="0" status="PASS">
          <reporter-output>
          </reporter-output>
        </test-method> <!-- testHomeCityGettersAndSettersMethods -->
        <test-method signature="testAgeGettersAndSettersMethods()[pri:0, instance:testAgeGettersAndSettersMethods(se.nackademin.examination.examination_jacoco.ResultsFromInputsTest)]" started-at="2021-03-31T22:53:05Z" name="testAgeGettersAndSettersMethods" finished-at="2021-03-31T22:53:05Z" duration-ms="0" status="PASS">
          <reporter-output>
          </reporter-output>
        </test-method> <!-- testAgeGettersAndSettersMethods -->
      </class> <!-- se.nackademin.examination.examination_jacoco.ResultsFromInputsTest -->
      <class name="se.nackademin.examination.examination_jacoco.DataAnalysisTest">
        <test-method signature="test1()[pri:0, instance:test1(se.nackademin.examination.examination_jacoco.DataAnalysisTest)]" started-at="2021-03-31T22:53:05Z" name="test1" finished-at="2021-03-31T22:53:05Z" duration-ms="9" status="PASS">
          <reporter-output>
          </reporter-output>
        </test-method> <!-- test1 -->
        <test-method signature="test2()[pri:0, instance:test2(se.nackademin.examination.examination_jacoco.DataAnalysisTest)]" started-at="2021-03-31T22:53:05Z" name="test2" finished-at="2021-03-31T22:53:05Z" duration-ms="0" status="PASS">
          <reporter-output>
          </reporter-output>
        </test-method> <!-- test2 -->
        <test-method signature="test3()[pri:0, instance:test3(se.nackademin.examination.examination_jacoco.DataAnalysisTest)]" started-at="2021-03-31T22:53:05Z" name="test3" finished-at="2021-03-31T22:53:05Z" duration-ms="0" status="PASS">
          <reporter-output>
          </reporter-output>
        </test-method> <!-- test3 -->
        <test-method signature="test4()[pri:0, instance:test4(se.nackademin.examination.examination_jacoco.DataAnalysisTest)]" started-at="2021-03-31T22:53:05Z" name="test4" finished-at="2021-03-31T22:53:05Z" duration-ms="1" status="PASS">
          <reporter-output>
          </reporter-output>
        </test-method> <!-- test4 -->
        <test-method signature="test5()[pri:0, instance:test5(se.nackademin.examination.examination_jacoco.DataAnalysisTest)]" started-at="2021-03-31T22:53:05Z" name="test5" finished-at="2021-03-31T22:53:05Z" duration-ms="0" status="PASS">
          <reporter-output>
          </reporter-output>
        </test-method> <!-- test5 -->
      </class> <!-- se.nackademin.examination.examination_jacoco.DataAnalysisTest -->
      <class name="se.nackademin.examination.examination_jacoco.MainTest">
        <test-method signature="testMainMethod()[pri:0, instance:testMainMethod(se.nackademin.examination.examination_jacoco.MainTest)]" started-at="2021-03-31T22:53:05Z" name="testMainMethod" finished-at="2021-03-31T22:53:05Z" duration-ms="1" status="PASS">
          <reporter-output>
          </reporter-output>
        </test-method> <!-- testMainMethod -->
      </class> <!-- se.nackademin.examination.examination_jacoco.MainTest -->
    </test> <!-- Surefire test -->
  </suite> <!-- Surefire suite -->
</testng-results>
